y:\22-software management\12-newpgm\my_dt\cmelp4ex\cmelp4ex\cmelp4ex\debug\cmelp4ex.pch
y:\22-software management\12-newpgm\my_dt\cmelp4ex\cmelp4ex\cmelp4ex\debug\vc140.pdb
y:\22-software management\12-newpgm\my_dt\cmelp4ex\cmelp4ex\cmelp4ex\debug\vc140.idb
y:\22-software management\12-newpgm\my_dt\cmelp4ex\cmelp4ex\cmelp4ex\debug\stdafx.obj
y:\22-software management\12-newpgm\my_dt\cmelp4ex\cmelp4ex\cmelp4ex\debug\cmelp4ex.obj
y:\22-software management\12-newpgm\my_dt\cmelp4ex\cmelp4ex\cmelp4ex\debug\trs232c.obj
y:\22-software management\12-newpgm\my_dt\cmelp4ex\cmelp4ex\cmelp4ex\debug\dllmain.obj
\\v020\system\22-software management\12-newpgm\my_dt\cmelp4ex\cmelp4ex\cmelp4ex\debug\cmelp4ex.pch
\\v020\system\22-software management\12-newpgm\my_dt\cmelp4ex\cmelp4ex\cmelp4ex\debug\vc140.pdb
\\v020\system\22-software management\12-newpgm\my_dt\cmelp4ex\cmelp4ex\cmelp4ex\debug\vc140.idb
\\v020\system\22-software management\12-newpgm\my_dt\cmelp4ex\cmelp4ex\cmelp4ex\debug\stdafx.obj
\\v020\system\22-software management\12-newpgm\my_dt\cmelp4ex\cmelp4ex\cmelp4ex\debug\cmelp4ex.obj
\\v020\system\22-software management\12-newpgm\my_dt\cmelp4ex\cmelp4ex\cmelp4ex\debug\trs232c.obj
\\v020\system\22-software management\12-newpgm\my_dt\cmelp4ex\cmelp4ex\cmelp4ex\debug\dllmain.obj
y:\22-software management\12-newpgm\my_dt\cmelp4ex\cmelp4ex\debug\cmelp4ex.lib
y:\22-software management\12-newpgm\my_dt\cmelp4ex\cmelp4ex\debug\cmelp4ex.exp
\\v020\system\22-software management\12-newpgm\my_dt\cmelp4ex\cmelp4ex\debug\cmelp4ex.lib
\\v020\system\22-software management\12-newpgm\my_dt\cmelp4ex\cmelp4ex\debug\cmelp4ex.exp
y:\22-software management\12-newpgm\my_dt\cmelp4ex\cmelp4ex\debug\cmelp4ex.ilk
y:\22-software management\12-newpgm\my_dt\cmelp4ex\cmelp4ex\debug\cmelp4ex.dll
y:\22-software management\12-newpgm\my_dt\cmelp4ex\cmelp4ex\debug\cmelp4ex.pdb
\\v020\system\22-software management\12-newpgm\my_dt\cmelp4ex\cmelp4ex\debug\cmelp4ex.ilk
\\v020\system\22-software management\12-newpgm\my_dt\cmelp4ex\cmelp4ex\debug\cmelp4ex.dll
\\v020\system\22-software management\12-newpgm\my_dt\cmelp4ex\cmelp4ex\debug\cmelp4ex.pdb
c:\softwarevnn\cmelp4ex\cmelp4ex\cmelp4ex\debug\cmelp4ex.tlog\cl.command.1.tlog
c:\softwarevnn\cmelp4ex\cmelp4ex\cmelp4ex\debug\cmelp4ex.tlog\cl.read.1.tlog
c:\softwarevnn\cmelp4ex\cmelp4ex\cmelp4ex\debug\cmelp4ex.tlog\cl.write.1.tlog
c:\softwarevnn\cmelp4ex\cmelp4ex\cmelp4ex\debug\cmelp4ex.tlog\cmelp4ex.write.1u.tlog
c:\softwarevnn\cmelp4ex\cmelp4ex\cmelp4ex\debug\cmelp4ex.tlog\link.command.1.tlog
c:\softwarevnn\cmelp4ex\cmelp4ex\cmelp4ex\debug\cmelp4ex.tlog\link.read.1.tlog
c:\softwarevnn\cmelp4ex\cmelp4ex\cmelp4ex\debug\cmelp4ex.tlog\link.write.1.tlog
